<?xml version="1.0" encoding="UTF-8"?>
<coverage generated="1545480647900" clover="3.2.0">
  <project timestamp="1545480647901" name="All files">
    <metrics statements="38" coveredstatements="12" conditionals="2" coveredconditionals="0" methods="21" coveredmethods="7" elements="61" coveredelements="19" complexity="0" loc="38" ncloc="38" packages="1" files="7" classes="7">
      <file name="Appointment.jsx" path="/Users/timmillar/Code/moi/ruby/react-rails/calreact/app/javascript/components/Appointment.jsx">
        <metrics statements="1" coveredstatements="1" conditionals="0" coveredconditionals="0" methods="1" coveredmethods="1"/>
        <line num="13" count="1" type="stmt"/>
      </file>
      <file name="AppointmentForm.jsx" path="/Users/timmillar/Code/moi/ruby/react-rails/calreact/app/javascript/components/AppointmentForm.jsx">
        <metrics statements="13" coveredstatements="0" conditionals="2" coveredconditionals="0" methods="5" coveredmethods="0"/>
        <line num="15" count="0" type="stmt"/>
        <line num="19" count="0" type="stmt"/>
        <line num="20" count="0" type="stmt"/>
        <line num="21" count="0" type="stmt"/>
        <line num="22" count="0" type="stmt"/>
        <line num="26" count="0" type="stmt"/>
        <line num="27" count="0" type="stmt"/>
        <line num="31" count="0" type="stmt"/>
        <line num="32" count="0" type="stmt"/>
        <line num="33" count="0" type="cond" truecount="0" falsecount="2"/>
        <line num="34" count="0" type="stmt"/>
        <line num="39" count="0" type="stmt"/>
        <line num="42" count="0" type="stmt"/>
      </file>
      <file name="Appointments.jsx" path="/Users/timmillar/Code/moi/ruby/react-rails/calreact/app/javascript/components/Appointments.jsx">
        <metrics statements="15" coveredstatements="4" conditionals="0" coveredconditionals="0" methods="9" coveredmethods="2"/>
        <line num="24" count="1" type="stmt"/>
        <line num="25" count="1" type="stmt"/>
        <line num="33" count="0" type="stmt"/>
        <line num="34" count="0" type="stmt"/>
        <line num="38" count="0" type="stmt"/>
        <line num="39" count="0" type="stmt"/>
        <line num="44" count="0" type="stmt"/>
        <line num="52" count="0" type="stmt"/>
        <line num="57" count="0" type="stmt"/>
        <line num="60" count="0" type="stmt"/>
        <line num="64" count="0" type="stmt"/>
        <line num="70" count="1" type="stmt"/>
        <line num="74" count="1" type="stmt"/>
        <line num="86" count="0" type="stmt"/>
        <line num="87" count="0" type="stmt"/>
      </file>
      <file name="AppointmentsList.jsx" path="/Users/timmillar/Code/moi/ruby/react-rails/calreact/app/javascript/components/AppointmentsList.jsx">
        <metrics statements="1" coveredstatements="1" conditionals="0" coveredconditionals="0" methods="1" coveredmethods="1"/>
        <line num="5" count="1" type="stmt"/>
      </file>
      <file name="Label.js" path="/Users/timmillar/Code/moi/ruby/react-rails/calreact/app/javascript/components/Label.js">
        <metrics statements="2" coveredstatements="1" conditionals="0" coveredconditionals="0" methods="1" coveredmethods="0"/>
        <line num="6" count="0" type="stmt"/>
        <line num="14" count="2" type="stmt"/>
      </file>
      <file name="context.jsx" path="/Users/timmillar/Code/moi/ruby/react-rails/calreact/app/javascript/components/context.jsx">
        <metrics statements="5" coveredstatements="4" conditionals="0" coveredconditionals="0" methods="3" coveredmethods="2"/>
        <line num="3" count="2" type="stmt"/>
        <line num="5" count="2" type="stmt"/>
        <line num="6" count="2" type="stmt"/>
        <line num="8" count="1" type="stmt"/>
        <line num="11" count="0" type="stmt"/>
      </file>
      <file name="utils.js" path="/Users/timmillar/Code/moi/ruby/react-rails/calreact/app/javascript/components/utils.js">
        <metrics statements="1" coveredstatements="1" conditionals="0" coveredconditionals="0" methods="1" coveredmethods="1"/>
        <line num="4" count="1" type="stmt"/>
      </file>
    </metrics>
  </project>
</coverage>
