{"/Users/timmillar/Code/moi/ruby/react-rails/calreact/app/javascript/components/Appointment.jsx": {"path":"/Users/timmillar/Code/moi/ruby/react-rails/calreact/app/javascript/components/Appointment.jsx","statementMap":{"0":{"start":{"line":13,"column":2},"end":{"line":18,"column":3}}},"fnMap":{"0":{"name":"(anonymous_0)","decl":{"start":{"line":12,"column":1},"end":{"line":12,"column":2}},"loc":{"start":{"line":12,"column":11},"end":{"line":19,"column":2}},"line":12}},"branchMap":{},"s":{"0":1},"f":{"0":1},"b":{},"_coverageSchema":"332fd63041d2c1bcb487cc26dd0d5f7d97098a6c","hash":"94e5ed5688453a97adf7bfdf4f8e2a33fd938e97"}
,"/Users/timmillar/Code/moi/ruby/react-rails/calreact/app/javascript/components/AppointmentForm.jsx": {"path":"/Users/timmillar/Code/moi/ruby/react-rails/calreact/app/javascript/components/AppointmentForm.jsx","statementMap":{"0":{"start":{"line":15,"column":2},"end":{"line":15,"column":14}},"1":{"start":{"line":19,"column":15},"end":{"line":19,"column":32}},"2":{"start":{"line":20,"column":12},"end":{"line":20,"column":14}},"3":{"start":{"line":21,"column":2},"end":{"line":21,"column":32}},"4":{"start":{"line":22,"column":2},"end":{"line":22,"column":29}},"5":{"start":{"line":26,"column":2},"end":{"line":26,"column":24}},"6":{"start":{"line":27,"column":2},"end":{"line":27,"column":27}},"7":{"start":{"line":31,"column":15},"end":{"line":31,"column":21}},"8":{"start":{"line":32,"column":12},"end":{"line":32,"column":14}},"9":{"start":{"line":33,"column":2},"end":{"line":35,"column":3}},"10":{"start":{"line":34,"column":3},"end":{"line":34,"column":30}},"11":{"start":{"line":39,"column":19},"end":{"line":41,"column":3}},"12":{"start":{"line":42,"column":2},"end":{"line":79,"column":3}}},"fnMap":{"0":{"name":"(anonymous_0)","decl":{"start":{"line":14,"column":1},"end":{"line":14,"column":2}},"loc":{"start":{"line":14,"column":20},"end":{"line":16,"column":2}},"line":14},"1":{"name":"(anonymous_1)","decl":{"start":{"line":18,"column":16},"end":{"line":18,"column":17}},"loc":{"start":{"line":18,"column":27},"end":{"line":23,"column":2}},"line":18},"2":{"name":"(anonymous_2)","decl":{"start":{"line":25,"column":16},"end":{"line":25,"column":17}},"loc":{"start":{"line":25,"column":27},"end":{"line":28,"column":2}},"line":25},"3":{"name":"(anonymous_3)","decl":{"start":{"line":30,"column":11},"end":{"line":30,"column":12}},"loc":{"start":{"line":30,"column":22},"end":{"line":36,"column":2}},"line":30},"4":{"name":"(anonymous_4)","decl":{"start":{"line":38,"column":1},"end":{"line":38,"column":2}},"loc":{"start":{"line":38,"column":11},"end":{"line":80,"column":2}},"line":38}},"branchMap":{"0":{"loc":{"start":{"line":33,"column":2},"end":{"line":35,"column":3}},"type":"if","locations":[{"start":{"line":33,"column":2},"end":{"line":35,"column":3}},{"start":{"line":33,"column":2},"end":{"line":35,"column":3}}],"line":33}},"s":{"0":0,"1":0,"2":0,"3":0,"4":0,"5":0,"6":0,"7":0,"8":0,"9":0,"10":0,"11":0,"12":0},"f":{"0":0,"1":0,"2":0,"3":0,"4":0},"b":{"0":[0,0]},"_coverageSchema":"332fd63041d2c1bcb487cc26dd0d5f7d97098a6c","hash":"e445991ccb19cab2f99b618e6ae0ab0d648450b7"}
,"/Users/timmillar/Code/moi/ruby/react-rails/calreact/app/javascript/components/Appointments.jsx": {"path":"/Users/timmillar/Code/moi/ruby/react-rails/calreact/app/javascript/components/Appointments.jsx","statementMap":{"0":{"start":{"line":24,"column":4},"end":{"line":24,"column":16}},"1":{"start":{"line":25,"column":4},"end":{"line":29,"column":5}},"2":{"start":{"line":33,"column":4},"end":{"line":33,"column":34}},"3":{"start":{"line":34,"column":4},"end":{"line":34,"column":22}},"4":{"start":{"line":38,"column":4},"end":{"line":38,"column":35}},"5":{"start":{"line":39,"column":24},"end":{"line":42,"column":5}},"6":{"start":{"line":44,"column":4},"end":{"line":53,"column":6}},"7":{"start":{"line":52,"column":6},"end":{"line":52,"column":43}},"8":{"start":{"line":57,"column":25},"end":{"line":59,"column":6}},"9":{"start":{"line":60,"column":4},"end":{"line":66,"column":6}},"10":{"start":{"line":64,"column":8},"end":{"line":64,"column":50}},"11":{"start":{"line":70,"column":20},"end":{"line":73,"column":5}},"12":{"start":{"line":74,"column":4},"end":{"line":98,"column":5}},"13":{"start":{"line":86,"column":12},"end":{"line":94,"column":14}},"14":{"start":{"line":87,"column":14},"end":{"line":93,"column":15}}},"fnMap":{"0":{"name":"(anonymous_0)","decl":{"start":{"line":23,"column":2},"end":{"line":23,"column":3}},"loc":{"start":{"line":23,"column":21},"end":{"line":30,"column":3}},"line":23},"1":{"name":"(anonymous_1)","decl":{"start":{"line":32,"column":20},"end":{"line":32,"column":21}},"loc":{"start":{"line":32,"column":27},"end":{"line":35,"column":3}},"line":32},"2":{"name":"(anonymous_2)","decl":{"start":{"line":37,"column":21},"end":{"line":37,"column":22}},"loc":{"start":{"line":37,"column":27},"end":{"line":54,"column":3}},"line":37},"3":{"name":"(anonymous_3)","decl":{"start":{"line":51,"column":12},"end":{"line":51,"column":13}},"loc":{"start":{"line":51,"column":24},"end":{"line":53,"column":5}},"line":51},"4":{"name":"(anonymous_4)","decl":{"start":{"line":56,"column":22},"end":{"line":56,"column":23}},"loc":{"start":{"line":56,"column":37},"end":{"line":67,"column":3}},"line":56},"5":{"name":"(anonymous_5)","decl":{"start":{"line":63,"column":38},"end":{"line":63,"column":39}},"loc":{"start":{"line":63,"column":53},"end":{"line":65,"column":7}},"line":63},"6":{"name":"(anonymous_6)","decl":{"start":{"line":69,"column":2},"end":{"line":69,"column":3}},"loc":{"start":{"line":69,"column":11},"end":{"line":99,"column":3}},"line":69},"7":{"name":"(anonymous_7)","decl":{"start":{"line":85,"column":11},"end":{"line":85,"column":12}},"loc":{"start":{"line":85,"column":27},"end":{"line":95,"column":11}},"line":85},"8":{"name":"(anonymous_8)","decl":{"start":{"line":86,"column":36},"end":{"line":86,"column":37}},"loc":{"start":{"line":86,"column":51},"end":{"line":94,"column":13}},"line":86}},"branchMap":{},"s":{"0":1,"1":1,"2":0,"3":0,"4":0,"5":0,"6":0,"7":0,"8":0,"9":0,"10":0,"11":1,"12":1,"13":0,"14":0},"f":{"0":1,"1":0,"2":0,"3":0,"4":0,"5":0,"6":1,"7":0,"8":0},"b":{},"_coverageSchema":"332fd63041d2c1bcb487cc26dd0d5f7d97098a6c","hash":"9db70cfc6cfe154c18352b162caa6e559f9c17f0"}
,"/Users/timmillar/Code/moi/ruby/react-rails/calreact/app/javascript/components/AppointmentsList.jsx": {"path":"/Users/timmillar/Code/moi/ruby/react-rails/calreact/app/javascript/components/AppointmentsList.jsx","statementMap":{"0":{"start":{"line":5,"column":2},"end":{"line":9,"column":3}}},"fnMap":{"0":{"name":"(anonymous_0)","decl":{"start":{"line":4,"column":1},"end":{"line":4,"column":2}},"loc":{"start":{"line":4,"column":11},"end":{"line":10,"column":2}},"line":4}},"branchMap":{},"s":{"0":1},"f":{"0":1},"b":{},"_coverageSchema":"332fd63041d2c1bcb487cc26dd0d5f7d97098a6c","hash":"f6d02f459bd5c4d7453a9493c38554d6d22c7f75"}
,"/Users/timmillar/Code/moi/ruby/react-rails/calreact/app/javascript/components/Label.js": {"path":"/Users/timmillar/Code/moi/ruby/react-rails/calreact/app/javascript/components/Label.js","statementMap":{"0":{"start":{"line":6,"column":4},"end":{"line":10,"column":6}},"1":{"start":{"line":14,"column":0},"end":{"line":16,"column":2}}},"fnMap":{"0":{"name":"(anonymous_0)","decl":{"start":{"line":5,"column":2},"end":{"line":5,"column":3}},"loc":{"start":{"line":5,"column":12},"end":{"line":11,"column":3}},"line":5}},"branchMap":{},"s":{"0":0,"1":2},"f":{"0":0},"b":{},"_coverageSchema":"332fd63041d2c1bcb487cc26dd0d5f7d97098a6c","hash":"e619b779b4f8d0540caa7d4ea289c8f30c76c246"}
,"/Users/timmillar/Code/moi/ruby/react-rails/calreact/app/javascript/components/context.jsx": {"path":"/Users/timmillar/Code/moi/ruby/react-rails/calreact/app/javascript/components/context.jsx","statementMap":{"0":{"start":{"line":3,"column":38},"end":{"line":3,"column":61}},"1":{"start":{"line":5,"column":30},"end":{"line":17,"column":1}},"2":{"start":{"line":6,"column":1},"end":{"line":16,"column":2}},"3":{"start":{"line":8,"column":3},"end":{"line":14,"column":4}},"4":{"start":{"line":11,"column":6},"end":{"line":11,"column":53}}},"fnMap":{"0":{"name":"(anonymous_0)","decl":{"start":{"line":5,"column":30},"end":{"line":5,"column":31}},"loc":{"start":{"line":5,"column":52},"end":{"line":17,"column":1}},"line":5},"1":{"name":"(anonymous_1)","decl":{"start":{"line":7,"column":2},"end":{"line":7,"column":3}},"loc":{"start":{"line":7,"column":11},"end":{"line":15,"column":3}},"line":7},"2":{"name":"(anonymous_2)","decl":{"start":{"line":10,"column":7},"end":{"line":10,"column":8}},"loc":{"start":{"line":11,"column":6},"end":{"line":11,"column":53}},"line":11}},"branchMap":{},"s":{"0":2,"1":2,"2":2,"3":1,"4":0},"f":{"0":2,"1":1,"2":0},"b":{},"_coverageSchema":"332fd63041d2c1bcb487cc26dd0d5f7d97098a6c","hash":"8a16fb681e72c3c8e4d77cf60f081ce94a23ef7c"}
,"/Users/timmillar/Code/moi/ruby/react-rails/calreact/app/javascript/components/utils.js": {"path":"/Users/timmillar/Code/moi/ruby/react-rails/calreact/app/javascript/components/utils.js","statementMap":{"0":{"start":{"line":4,"column":1},"end":{"line":4,"column":54}}},"fnMap":{"0":{"name":"formatDate","decl":{"start":{"line":3,"column":16},"end":{"line":3,"column":26}},"loc":{"start":{"line":3,"column":34},"end":{"line":5,"column":1}},"line":3}},"branchMap":{},"s":{"0":1},"f":{"0":1},"b":{},"_coverageSchema":"332fd63041d2c1bcb487cc26dd0d5f7d97098a6c","hash":"d9b37f4e8ff970023257e7ed8fae3fcc16456b09"}
}
