TN:
SF:/Users/timmillar/Code/moi/ruby/react-rails/calreact/app/javascript/components/Appointment.jsx
FN:12,(anonymous_0)
FNF:1
FNH:1
FNDA:1,(anonymous_0)
DA:13,1
LF:1
LH:1
BRF:0
BRH:0
end_of_record
TN:
SF:/Users/timmillar/Code/moi/ruby/react-rails/calreact/app/javascript/components/AppointmentForm.jsx
FN:14,(anonymous_0)
FN:18,(anonymous_1)
FN:25,(anonymous_2)
FN:30,(anonymous_3)
FN:38,(anonymous_4)
FNF:5
FNH:0
FNDA:0,(anonymous_0)
FNDA:0,(anonymous_1)
FNDA:0,(anonymous_2)
FNDA:0,(anonymous_3)
FNDA:0,(anonymous_4)
DA:15,0
DA:19,0
DA:20,0
DA:21,0
DA:22,0
DA:26,0
DA:27,0
DA:31,0
DA:32,0
DA:33,0
DA:34,0
DA:39,0
DA:42,0
LF:13
LH:0
BRDA:33,0,0,0
BRDA:33,0,1,0
BRF:2
BRH:0
end_of_record
TN:
SF:/Users/timmillar/Code/moi/ruby/react-rails/calreact/app/javascript/components/Appointments.jsx
FN:23,(anonymous_0)
FN:32,(anonymous_1)
FN:37,(anonymous_2)
FN:51,(anonymous_3)
FN:56,(anonymous_4)
FN:63,(anonymous_5)
FN:69,(anonymous_6)
FN:85,(anonymous_7)
FN:86,(anonymous_8)
FNF:9
FNH:2
FNDA:1,(anonymous_0)
FNDA:0,(anonymous_1)
FNDA:0,(anonymous_2)
FNDA:0,(anonymous_3)
FNDA:0,(anonymous_4)
FNDA:0,(anonymous_5)
FNDA:1,(anonymous_6)
FNDA:0,(anonymous_7)
FNDA:0,(anonymous_8)
DA:24,1
DA:25,1
DA:33,0
DA:34,0
DA:38,0
DA:39,0
DA:44,0
DA:52,0
DA:57,0
DA:60,0
DA:64,0
DA:70,1
DA:74,1
DA:86,0
DA:87,0
LF:15
LH:4
BRF:0
BRH:0
end_of_record
TN:
SF:/Users/timmillar/Code/moi/ruby/react-rails/calreact/app/javascript/components/AppointmentsList.jsx
FN:4,(anonymous_0)
FNF:1
FNH:1
FNDA:1,(anonymous_0)
DA:5,1
LF:1
LH:1
BRF:0
BRH:0
end_of_record
TN:
SF:/Users/timmillar/Code/moi/ruby/react-rails/calreact/app/javascript/components/Label.js
FN:5,(anonymous_0)
FNF:1
FNH:0
FNDA:0,(anonymous_0)
DA:6,0
DA:14,2
LF:2
LH:1
BRF:0
BRH:0
end_of_record
TN:
SF:/Users/timmillar/Code/moi/ruby/react-rails/calreact/app/javascript/components/context.jsx
FN:5,(anonymous_0)
FN:7,(anonymous_1)
FN:10,(anonymous_2)
FNF:3
FNH:2
FNDA:2,(anonymous_0)
FNDA:1,(anonymous_1)
FNDA:0,(anonymous_2)
DA:3,2
DA:5,2
DA:6,2
DA:8,1
DA:11,0
LF:5
LH:4
BRF:0
BRH:0
end_of_record
TN:
SF:/Users/timmillar/Code/moi/ruby/react-rails/calreact/app/javascript/components/utils.js
FN:3,formatDate
FNF:1
FNH:1
FNDA:1,formatDate
DA:4,1
LF:1
LH:1
BRF:0
BRH:0
end_of_record
